2023-04-20T07:04:00+00:00 CRITICAL Uncaught Error: Call to undefined method WC_TL_Shipping_Method::find_shipping_classes() in /Users/thereselinden/Desktop/Medieinstitutet/Systemvetenskap/PHP/eHandelPlattform_kurs/inlamningsuppgift_2/wordpress/wp-content/plugins/tl-shipping-method/tl-shipping-method.php:210
Stack trace:
#0 /Users/thereselinden/Desktop/Medieinstitutet/Systemvetenskap/PHP/eHandelPlattform_kurs/inlamningsuppgift_2/wordpress/wp-content/plugins/woocommerce/includes/abstracts/abstract-wc-shipping-method.php(233): WC_TL_Shipping_Method->calculate_shipping(Array)
#1 /Users/thereselinden/Desktop/Medieinstitutet/Systemvetenskap/PHP/eHandelPlattform_kurs/inlamningsuppgift_2/wordpress/wp-content/plugins/woocommerce/includes/class-wc-shipping.php(348): WC_Shipping_Method->get_rates_for_package(Array)
#2 /Users/thereselinden/Desktop/Medieinstitutet/Systemvetenskap/PHP/eHandelPlattform_kurs/inlamningsuppgift_2/wordpress/wp-content/plugins/woocommerce/includes/class-wc-shipping.php(260): WC_Shipping->calculate_shipping_for_package(Array, 0)
#3 /Users/thereselinden/Desktop/Medieinstitutet/Systemvetenskap/PHP/eHandelPlattform_kurs/inlamningsuppgift_2/wordpress/wp-content/plugins/woocommerce/includes/class-wc-cart.php(1423): WC_Shipping->calculate_shipping(Array)
#4 /Users/thereselinden/Desktop/Medieinstitutet/Systemvetenskap/PHP/eHandelPlattform_kurs/inlamningsuppgift_2/wordpress/wp-content/plugins/woocommerce/includes/class-wc-cart-totals.php(339): WC_Cart->calculate_shipping()
#5 /Users/thereselinden/Desktop/Medieinstitutet/Systemvetenskap/PHP/eHandelPlattform_kurs/inlamningsuppgift_2/wordpress/wp-content/plugins/woocommerce/includes/class-wc-cart-totals.php(850): WC_Cart_Totals->get_shipping_from_cart()
#6 /Users/thereselinden/Desktop/Medieinstitutet/Systemvetenskap/PHP/eHandelPlattform_kurs/inlamningsuppgift_2/wordpress/wp-content/plugins/woocommerce/includes/class-wc-cart-totals.php(144): WC_Cart_Totals->calculate_shipping_totals()
#7 /Users/thereselinden/Desktop/Medieinstitutet/Systemvetenskap/PHP/eHandelPlattform_kurs/inlamningsuppgift_2/wordpress/wp-content/plugins/woocommerce/includes/class-wc-cart-totals.php(134): WC_Cart_Totals->calculate()
#8 /Users/thereselinden/Desktop/Medieinstitutet/Systemvetenskap/PHP/eHandelPlattform_kurs/inlamningsuppgift_2/wordpress/wp-content/plugins/woocommerce/includes/class-wc-cart.php(1401): WC_Cart_Totals->__construct(Object(WC_Cart))
#9 /Users/thereselinden/Desktop/Medieinstitutet/Systemvetenskap/PHP/eHandelPlattform_kurs/inlamningsuppgift_2/wordpress/wp-includes/class-wp-hook.php(306): WC_Cart->calculate_totals()
#10 /Users/thereselinden/Desktop/Medieinstitutet/Systemvetenskap/PHP/eHandelPlattform_kurs/inlamningsuppgift_2/wordpress/wp-includes/class-wp-hook.php(332): WP_Hook->apply_filters(NULL, Array)
#11 /Users/thereselinden/Desktop/Medieinstitutet/Systemvetenskap/PHP/eHandelPlattform_kurs/inlamningsuppgift_2/wordpress/wp-includes/plugin.php(517): WP_Hook->do_action(Array)
#12 /Users/thereselinden/Desktop/Medieinstitutet/Systemvetenskap/PHP/eHandelPlattform_kurs/inlamningsuppgift_2/wordpress/wp-content/plugins/woocommerce/includes/class-wc-cart.php(1279): do_action('woocommerce_add...', '67c6a1e7ce56d3d...', 47, 1, 0, Array, Array)
#13 /Users/thereselinden/Desktop/Medieinstitutet/Systemvetenskap/PHP/eHandelPlattform_kurs/inlamningsuppgift_2/wordpress/wp-content/plugins/woocommerce/includes/class-wc-ajax.php(441): WC_Cart->add_to_cart(47, 1, 0, Array)
#14 /Users/thereselinden/Desktop/Medieinstitutet/Systemvetenskap/PHP/eHandelPlattform_kurs/inlamningsuppgift_2/wordpress/wp-includes/class-wp-hook.php(308): WC_AJAX::add_to_cart('')
#15 /Users/thereselinden/Desktop/Medieinstitutet/Systemvetenskap/PHP/eHandelPlattform_kurs/inlamningsuppgift_2/wordpress/wp-includes/class-wp-hook.php(332): WP_Hook->apply_filters('', Array)
#16 /Users/thereselinden/Desktop/Medieinstitutet/Systemvetenskap/PHP/eHandelPlattform_kurs/inlamningsuppgift_2/wordpress/wp-includes/plugin.php(517): WP_Hook->do_action(Array)
#17 /Users/thereselinden/Desktop/Medieinstitutet/Systemvetenskap/PHP/eHandelPlattform_kurs/inlamningsuppgift_2/wordpress/wp-content/plugins/woocommerce/includes/class-wc-ajax.php(96): do_action('wc_ajax_add_to_...')
#18 /Users/thereselinden/Desktop/Medieinstitutet/Systemvetenskap/PHP/eHandelPlattform_kurs/inlamningsuppgift_2/wordpress/wp-includes/class-wp-hook.php(308): WC_AJAX::do_wc_ajax('')
#19 /Users/thereselinden/Desktop/Medieinstitutet/Systemvetenskap/PHP/eHandelPlattform_kurs/inlamningsuppgift_2/wordpress/wp-includes/class-wp-hook.php(332): WP_Hook->apply_filters(false, Array)
#20 /Users/thereselinden/Desktop/Medieinstitutet/Systemvetenskap/PHP/eHandelPlattform_kurs/inlamningsuppgift_2/wordpress/wp-includes/plugin.php(517): WP_Hook->do_action(Array)
#21 /Users/thereselinden/Desktop/Medieinstitutet/Systemvetenskap/PHP/eHandelPlattform_kurs/inlamningsuppgift_2/wordpress/wp-includes/template-loader.php(13): do_action('template_redire...')
#22 /Users/thereselinden/Desktop/Medieinstitutet/Systemvetenskap/PHP/eHandelPlattform_kurs/inlamningsuppgift_2/wordpress/wp-blog-header.php(19): require_once('/Users/theresel...')
#23 /Users/thereselinden/Desktop/Medieinstitutet/Systemvetenskap/PHP/eHandelPlattform_kurs/inlamningsuppgift_2/wordpress/index.php(17): require('/Users/theresel...')
#24 {main}
  thrown in /Users/thereselinden/Desktop/Medieinstitutet/Systemvetenskap/PHP/eHandelPlattform_kurs/inlamningsuppgift_2/wordpress/wp-content/plugins/tl-shipping-method/tl-shipping-method.php on line 210

2023-04-20T07:04:19+00:00 CRITICAL Uncaught Error: Call to undefined method WC_TL_Shipping_Method::find_shipping_classes() in /Users/thereselinden/Desktop/Medieinstitutet/Systemvetenskap/PHP/eHandelPlattform_kurs/inlamningsuppgift_2/wordpress/wp-content/plugins/tl-shipping-method/tl-shipping-method.php:210
Stack trace:
#0 /Users/thereselinden/Desktop/Medieinstitutet/Systemvetenskap/PHP/eHandelPlattform_kurs/inlamningsuppgift_2/wordpress/wp-content/plugins/woocommerce/includes/abstracts/abstract-wc-shipping-method.php(233): WC_TL_Shipping_Method->calculate_shipping(Array)
#1 /Users/thereselinden/Desktop/Medieinstitutet/Systemvetenskap/PHP/eHandelPlattform_kurs/inlamningsuppgift_2/wordpress/wp-content/plugins/woocommerce/includes/class-wc-shipping.php(348): WC_Shipping_Method->get_rates_for_package(Array)
#2 /Users/thereselinden/Desktop/Medieinstitutet/Systemvetenskap/PHP/eHandelPlattform_kurs/inlamningsuppgift_2/wordpress/wp-content/plugins/woocommerce/includes/class-wc-shipping.php(260): WC_Shipping->calculate_shipping_for_package(Array, 0)
#3 /Users/thereselinden/Desktop/Medieinstitutet/Systemvetenskap/PHP/eHandelPlattform_kurs/inlamningsuppgift_2/wordpress/wp-content/plugins/woocommerce/includes/class-wc-cart.php(1423): WC_Shipping->calculate_shipping(Array)
#4 /Users/thereselinden/Desktop/Medieinstitutet/Systemvetenskap/PHP/eHandelPlattform_kurs/inlamningsuppgift_2/wordpress/wp-content/plugins/woocommerce/includes/class-wc-cart-totals.php(339): WC_Cart->calculate_shipping()
#5 /Users/thereselinden/Desktop/Medieinstitutet/Systemvetenskap/PHP/eHandelPlattform_kurs/inlamningsuppgift_2/wordpress/wp-content/plugins/woocommerce/includes/class-wc-cart-totals.php(850): WC_Cart_Totals->get_shipping_from_cart()
#6 /Users/thereselinden/Desktop/Medieinstitutet/Systemvetenskap/PHP/eHandelPlattform_kurs/inlamningsuppgift_2/wordpress/wp-content/plugins/woocommerce/includes/class-wc-cart-totals.php(144): WC_Cart_Totals->calculate_shipping_totals()
#7 /Users/thereselinden/Desktop/Medieinstitutet/Systemvetenskap/PHP/eHandelPlattform_kurs/inlamningsuppgift_2/wordpress/wp-content/plugins/woocommerce/includes/class-wc-cart-totals.php(134): WC_Cart_Totals->calculate()
#8 /Users/thereselinden/Desktop/Medieinstitutet/Systemvetenskap/PHP/eHandelPlattform_kurs/inlamningsuppgift_2/wordpress/wp-content/plugins/woocommerce/includes/class-wc-cart.php(1401): WC_Cart_Totals->__construct(Object(WC_Cart))
#9 /Users/thereselinden/Desktop/Medieinstitutet/Systemvetenskap/PHP/eHandelPlattform_kurs/inlamningsuppgift_2/wordpress/wp-content/plugins/woocommerce/includes/shortcodes/class-wc-shortcode-cart.php(94): WC_Cart->calculate_totals()
#10 /Users/thereselinden/Desktop/Medieinstitutet/Systemvetenskap/PHP/eHandelPlattform_kurs/inlamningsuppgift_2/wordpress/wp-content/plugins/woocommerce/includes/class-wc-shortcodes.php(72): WC_Shortcode_Cart::output(Array)
#11 /Users/thereselinden/Desktop/Medieinstitutet/Systemvetenskap/PHP/eHandelPlattform_kurs/inlamningsuppgift_2/wordpress/wp-content/plugins/woocommerce/includes/class-wc-shortcodes.php(85): WC_Shortcodes::shortcode_wrapper(Array)
#12 /Users/thereselinden/Desktop/Medieinstitutet/Systemvetenskap/PHP/eHandelPlattform_kurs/inlamningsuppgift_2/wordpress/wp-includes/shortcodes.php(355): WC_Shortcodes::cart('', '', 'woocommerce_car...')
#13 [internal function]: do_shortcode_tag(Array)
#14 /Users/thereselinden/Desktop/Medieinstitutet/Systemvetenskap/PHP/eHandelPlattform_kurs/inlamningsuppgift_2/wordpress/wp-includes/shortcodes.php(227): preg_replace_callback('/\\[(\\[?)(woocom...', 'do_shortcode_ta...', '[woocommerce_ca...')
#15 /Users/thereselinden/Desktop/Medieinstitutet/Systemvetenskap/PHP/eHandelPlattform_kurs/inlamningsuppgift_2/wordpress/wp-includes/class-wp-hook.php(308): do_shortcode('[woocommerce_ca...')
#16 /Users/thereselinden/Desktop/Medieinstitutet/Systemvetenskap/PHP/eHandelPlattform_kurs/inlamningsuppgift_2/wordpress/wp-includes/plugin.php(205): WP_Hook->apply_filters('[woocommerce_ca...', Array)
#17 /Users/thereselinden/Desktop/Medieinstitutet/Systemvetenskap/PHP/eHandelPlattform_kurs/inlamningsuppgift_2/wordpress/wp-includes/post-template.php(255): apply_filters('the_content', '<!-- wp:shortco...')
#18 /Users/thereselinden/Desktop/Medieinstitutet/Systemvetenskap/PHP/eHandelPlattform_kurs/inlamningsuppgift_2/wordpress/wp-content/themes/storefront/inc/storefront-template-functions.php(352): the_content()
#19 /Users/thereselinden/Desktop/Medieinstitutet/Systemvetenskap/PHP/eHandelPlattform_kurs/inlamningsuppgift_2/wordpress/wp-includes/class-wp-hook.php(308): storefront_page_content('')
#20 /Users/thereselinden/Desktop/Medieinstitutet/Systemvetenskap/PHP/eHandelPlattform_kurs/inlamningsuppgift_2/wordpress/wp-includes/class-wp-hook.php(332): WP_Hook->apply_filters(NULL, Array)
#21 /Users/thereselinden/Desktop/Medieinstitutet/Systemvetenskap/PHP/eHandelPlattform_kurs/inlamningsuppgift_2/wordpress/wp-includes/plugin.php(517): WP_Hook->do_action(Array)
#22 /Users/thereselinden/Desktop/Medieinstitutet/Systemvetenskap/PHP/eHandelPlattform_kurs/inlamningsuppgift_2/wordpress/wp-content/themes/storefront/content-page.php(18): do_action('storefront_page')
#23 /Users/thereselinden/Desktop/Medieinstitutet/Systemvetenskap/PHP/eHandelPlattform_kurs/inlamningsuppgift_2/wordpress/wp-includes/template.php(785): require('/Users/theresel...')
#24 /Users/thereselinden/Desktop/Medieinstitutet/Systemvetenskap/PHP/eHandelPlattform_kurs/inlamningsuppgift_2/wordpress/wp-includes/template.php(718): load_template('/Users/theresel...', false, Array)
#25 /Users/thereselinden/Desktop/Medieinstitutet/Systemvetenskap/PHP/eHandelPlattform_kurs/inlamningsuppgift_2/wordpress/wp-includes/general-template.php(204): locate_template(Array, true, false, Array)
#26 /Users/thereselinden/Desktop/Medieinstitutet/Systemvetenskap/PHP/eHandelPlattform_kurs/inlamningsuppgift_2/wordpress/wp-content/themes/storefront/page.php(24): get_template_part('content', 'page')
#27 /Users/thereselinden/Desktop/Medieinstitutet/Systemvetenskap/PHP/eHandelPlattform_kurs/inlamningsuppgift_2/wordpress/wp-includes/template-loader.php(106): include('/Users/theresel...')
#28 /Users/thereselinden/Desktop/Medieinstitutet/Systemvetenskap/PHP/eHandelPlattform_kurs/inlamningsuppgift_2/wordpress/wp-blog-header.php(19): require_once('/Users/theresel...')
#29 /Users/thereselinden/Desktop/Medieinstitutet/Systemvetenskap/PHP/eHandelPlattform_kurs/inlamningsuppgift_2/wordpress/index.php(17): require('/Users/theresel...')
#30 {main}
  thrown in /Users/thereselinden/Desktop/Medieinstitutet/Systemvetenskap/PHP/eHandelPlattform_kurs/inlamningsuppgift_2/wordpress/wp-content/plugins/tl-shipping-method/tl-shipping-method.php on line 210

2023-04-20T11:39:18+00:00 CRITICAL Uncaught TypeError: Cannot access offset of type string on string in /Users/thereselinden/Desktop/Medieinstitutet/Systemvetenskap/PHP/eHandelPlattform_kurs/inlamningsuppgift_2/wordpress/wp-content/plugins/woocommerce/includes/class-wc-checkout.php:230
Stack trace:
#0 /Users/thereselinden/Desktop/Medieinstitutet/Systemvetenskap/PHP/eHandelPlattform_kurs/inlamningsuppgift_2/wordpress/wp-content/plugins/woocommerce/templates/checkout/form-billing.php(36): WC_Checkout->get_checkout_fields('billing')
#1 /Users/thereselinden/Desktop/Medieinstitutet/Systemvetenskap/PHP/eHandelPlattform_kurs/inlamningsuppgift_2/wordpress/wp-content/plugins/woocommerce/includes/wc-core-functions.php(345): include('/Users/theresel...')
#2 /Users/thereselinden/Desktop/Medieinstitutet/Systemvetenskap/PHP/eHandelPlattform_kurs/inlamningsuppgift_2/wordpress/wp-content/plugins/woocommerce/includes/class-wc-checkout.php(335): wc_get_template('checkout/form-b...', Array)
#3 /Users/thereselinden/Desktop/Medieinstitutet/Systemvetenskap/PHP/eHandelPlattform_kurs/inlamningsuppgift_2/wordpress/wp-includes/class-wp-hook.php(308): WC_Checkout->checkout_form_billing('')
#4 /Users/thereselinden/Desktop/Medieinstitutet/Systemvetenskap/PHP/eHandelPlattform_kurs/inlamningsuppgift_2/wordpress/wp-includes/class-wp-hook.php(332): WP_Hook->apply_filters('', Array)
#5 /Users/thereselinden/Desktop/Medieinstitutet/Systemvetenskap/PHP/eHandelPlattform_kurs/inlamningsuppgift_2/wordpress/wp-includes/plugin.php(517): WP_Hook->do_action(Array)
#6 /Users/thereselinden/Desktop/Medieinstitutet/Systemvetenskap/PHP/eHandelPlattform_kurs/inlamningsuppgift_2/wordpress/wp-content/plugins/woocommerce/templates/checkout/form-checkout.php(40): do_action('woocommerce_che...')
#7 /Users/thereselinden/Desktop/Medieinstitutet/Systemvetenskap/PHP/eHandelPlattform_kurs/inlamningsuppgift_2/wordpress/wp-content/plugins/woocommerce/includes/wc-core-functions.php(345): include('/Users/theresel...')
#8 /Users/thereselinden/Desktop/Medieinstitutet/Systemvetenskap/PHP/eHandelPlattform_kurs/inlamningsuppgift_2/wordpress/wp-content/plugins/woocommerce/includes/shortcodes/class-wc-shortcode-checkout.php(316): wc_get_template('checkout/form-c...', Array)
#9 /Users/thereselinden/Desktop/Medieinstitutet/Systemvetenskap/PHP/eHandelPlattform_kurs/inlamningsuppgift_2/wordpress/wp-content/plugins/woocommerce/includes/shortcodes/class-wc-shortcode-checkout.php(67): WC_Shortcode_Checkout::checkout()
#10 /Users/thereselinden/Desktop/Medieinstitutet/Systemvetenskap/PHP/eHandelPlattform_kurs/inlamningsuppgift_2/wordpress/wp-content/plugins/woocommerce/includes/class-wc-shortcodes.php(72): WC_Shortcode_Checkout::output('')
#11 /Users/thereselinden/Desktop/Medieinstitutet/Systemvetenskap/PHP/eHandelPlattform_kurs/inlamningsuppgift_2/wordpress/wp-content/plugins/woocommerce/includes/class-wc-shortcodes.php(95): WC_Shortcodes::shortcode_wrapper(Array, '')
#12 /Users/thereselinden/Desktop/Medieinstitutet/Systemvetenskap/PHP/eHandelPlattform_kurs/inlamningsuppgift_2/wordpress/wp-includes/shortcodes.php(355): WC_Shortcodes::checkout('', '', 'woocommerce_che...')
#13 [internal function]: do_shortcode_tag(Array)
#14 /Users/thereselinden/Desktop/Medieinstitutet/Systemvetenskap/PHP/eHandelPlattform_kurs/inlamningsuppgift_2/wordpress/wp-includes/shortcodes.php(227): preg_replace_callback('/\\[(\\[?)(woocom...', 'do_shortcode_ta...', '[woocommerce_ch...')
#15 /Users/thereselinden/Desktop/Medieinstitutet/Systemvetenskap/PHP/eHandelPlattform_kurs/inlamningsuppgift_2/wordpress/wp-includes/class-wp-hook.php(308): do_shortcode('[woocommerce_ch...')
#16 /Users/thereselinden/Desktop/Medieinstitutet/Systemvetenskap/PHP/eHandelPlattform_kurs/inlamningsuppgift_2/wordpress/wp-includes/plugin.php(205): WP_Hook->apply_filters('[woocommerce_ch...', Array)
#17 /Users/thereselinden/Desktop/Medieinstitutet/Systemvetenskap/PHP/eHandelPlattform_kurs/inlamningsuppgift_2/wordpress/wp-includes/post-template.php(255): apply_filters('the_content', '<!-- wp:shortco...')
#18 /Users/thereselinden/Desktop/Medieinstitutet/Systemvetenskap/PHP/eHandelPlattform_kurs/inlamningsuppgift_2/wordpress/wp-content/themes/storefront/inc/storefront-template-functions.php(352): the_content()
#19 /Users/thereselinden/Desktop/Medieinstitutet/Systemvetenskap/PHP/eHandelPlattform_kurs/inlamningsuppgift_2/wordpress/wp-includes/class-wp-hook.php(308): storefront_page_content('')
#20 /Users/thereselinden/Desktop/Medieinstitutet/Systemvetenskap/PHP/eHandelPlattform_kurs/inlamningsuppgift_2/wordpress/wp-includes/class-wp-hook.php(332): WP_Hook->apply_filters(NULL, Array)
#21 /Users/thereselinden/Desktop/Medieinstitutet/Systemvetenskap/PHP/eHandelPlattform_kurs/inlamningsuppgift_2/wordpress/wp-includes/plugin.php(517): WP_Hook->do_action(Array)
#22 /Users/thereselinden/Desktop/Medieinstitutet/Systemvetenskap/PHP/eHandelPlattform_kurs/inlamningsuppgift_2/wordpress/wp-content/themes/storefront/content-page.php(18): do_action('storefront_page')
#23 /Users/thereselinden/Desktop/Medieinstitutet/Systemvetenskap/PHP/eHandelPlattform_kurs/inlamningsuppgift_2/wordpress/wp-includes/template.php(785): require('/Users/theresel...')
#24 /Users/thereselinden/Desktop/Medieinstitutet/Systemvetenskap/PHP/eHandelPlattform_kurs/inlamningsuppgift_2/wordpress/wp-includes/template.php(718): load_template('/Users/theresel...', false, Array)
#25 /Users/thereselinden/Desktop/Medieinstitutet/Systemvetenskap/PHP/eHandelPlattform_kurs/inlamningsuppgift_2/wordpress/wp-includes/general-template.php(204): locate_template(Array, true, false, Array)
#26 /Users/thereselinden/Desktop/Medieinstitutet/Systemvetenskap/PHP/eHandelPlattform_kurs/inlamningsuppgift_2/wordpress/wp-content/themes/storefront/page.php(24): get_template_part('content', 'page')
#27 /Users/thereselinden/Desktop/Medieinstitutet/Systemvetenskap/PHP/eHandelPlattform_kurs/inlamningsuppgift_2/wordpress/wp-includes/template-loader.php(106): include('/Users/theresel...')
#28 /Users/thereselinden/Desktop/Medieinstitutet/Systemvetenskap/PHP/eHandelPlattform_kurs/inlamningsuppgift_2/wordpress/wp-blog-header.php(19): require_once('/Users/theresel...')
#29 /Users/thereselinden/Desktop/Medieinstitutet/Systemvetenskap/PHP/eHandelPlattform_kurs/inlamningsuppgift_2/wordpress/index.php(17): require('/Users/theresel...')
#30 {main}
  thrown in /Users/thereselinden/Desktop/Medieinstitutet/Systemvetenskap/PHP/eHandelPlattform_kurs/inlamningsuppgift_2/wordpress/wp-content/plugins/woocommerce/includes/class-wc-checkout.php on line 230

2023-04-20T11:41:09+00:00 CRITICAL syntax error, unexpected token "," in /Users/thereselinden/Desktop/Medieinstitutet/Systemvetenskap/PHP/eHandelPlattform_kurs/inlamningsuppgift_2/wordpress/wp-content/themes/storefront-child/functions.php on line 17

