2023-04-19T11:32:12+00:00 CRITICAL Uncaught TypeError: Illegal offset type in isset or empty in /Users/thereselinden/Desktop/Medieinstitutet/Systemvetenskap/PHP/eHandelPlattform_kurs/inlamningsuppgift_2/wordpress/wp-content/plugins/woocommerce/includes/abstracts/abstract-wc-settings-api.php:290
Stack trace:
#0 /Users/thereselinden/Desktop/Medieinstitutet/Systemvetenskap/PHP/eHandelPlattform_kurs/inlamningsuppgift_2/wordpress/wp-content/plugins/woocommerce/includes/abstracts/abstract-wc-shipping-method.php(469): WC_Settings_API->get_option(Array, NULL)
#1 /Users/thereselinden/Desktop/Medieinstitutet/Systemvetenskap/PHP/eHandelPlattform_kurs/inlamningsuppgift_2/wordpress/wp-content/plugins/tl-shipping-method/tl-shipping-method.php(65): WC_Shipping_Method->get_option(Array)
#2 /Users/thereselinden/Desktop/Medieinstitutet/Systemvetenskap/PHP/eHandelPlattform_kurs/inlamningsuppgift_2/wordpress/wp-content/plugins/tl-shipping-method/tl-shipping-method.php(45): WC_TL_Shipping_Method->init()
#3 /Users/thereselinden/Desktop/Medieinstitutet/Systemvetenskap/PHP/eHandelPlattform_kurs/inlamningsuppgift_2/wordpress/wp-content/plugins/woocommerce/includes/class-wc-shipping.php(199): WC_TL_Shipping_Method->__construct()
#4 /Users/thereselinden/Desktop/Medieinstitutet/Systemvetenskap/PHP/eHandelPlattform_kurs/inlamningsuppgift_2/wordpress/wp-content/plugins/woocommerce/includes/class-wc-shipping.php(177): WC_Shipping->register_shipping_method('WC_TL_Shipping_...')
#5 /Users/thereselinden/Desktop/Medieinstitutet/Systemvetenskap/PHP/eHandelPlattform_kurs/inlamningsuppgift_2/wordpress/wp-content/plugins/woocommerce/includes/class-wc-shipping.php(221): WC_Shipping->load_shipping_methods()
#6 /Users/thereselinden/Desktop/Medieinstitutet/Systemvetenskap/PHP/eHandelPlattform_kurs/inlamningsuppgift_2/wordpress/wp-content/plugins/woocommerce/packages/woocommerce-blocks/src/StoreApi/Utilities/LocalPickupUtils.php(16): WC_Shipping->get_shipping_methods()
#7 /Users/thereselinden/Desktop/Medieinstitutet/Systemvetenskap/PHP/eHandelPlattform_kurs/inlamningsuppgift_2/wordpress/wp-content/plugins/woocommerce/packages/woocommerce-blocks/src/Shipping/ShippingController.php(271): Automattic\WooCommerce\StoreApi\Utilities\LocalPickupUtils::get_local_pickup_method_ids()
#8 /Users/thereselinden/Desktop/Medieinstitutet/Systemvetenskap/PHP/eHandelPlattform_kurs/inlamningsuppgift_2/wordpress/wp-includes/class-wp-hook.php(308): Automattic\WooCommerce\Blocks\Shipping\ShippingController->filter_taxable_address(Array)
#9 /Users/thereselinden/Desktop/Medieinstitutet/Systemvetenskap/PHP/eHandelPlattform_kurs/inlamningsuppgift_2/wordpress/wp-includes/plugin.php(205): WP_Hook->apply_filters(Array, Array)
#10 /Users/thereselinden/Desktop/Medieinstitutet/Systemvetenskap/PHP/eHandelPlattform_kurs/inlamningsuppgift_2/wordpress/wp-content/plugins/woocommerce/includes/class-wc-customer.php(210): apply_filters('woocommerce_cus...', Array)
#11 /Users/thereselinden/Desktop/Medieinstitutet/Systemvetenskap/PHP/eHandelPlattform_kurs/inlamningsuppgift_2/wordpress/wp-content/plugins/woocommerce/includes/class-wc-tax.php(461): WC_Customer->get_taxable_address()
#12 /Users/thereselinden/Desktop/Medieinstitutet/Systemvetenskap/PHP/eHandelPlattform_kurs/inlamningsuppgift_2/wordpress/wp-content/plugins/woocommerce/includes/class-wc-tax.php(483): WC_Tax::get_tax_location('', Object(WC_Customer))
#13 /Users/thereselinden/Desktop/Medieinstitutet/Systemvetenskap/PHP/eHandelPlattform_kurs/inlamningsuppgift_2/wordpress/wp-content/plugins/woocommerce/includes/class-wc-cart-totals.php(492): WC_Tax::get_rates('', Object(WC_Customer))
#14 /Users/thereselinden/Desktop/Medieinstitutet/Systemvetenskap/PHP/eHandelPlattform_kurs/inlamningsuppgift_2/wordpress/wp-content/plugins/woocommerce/includes/class-wc-cart-totals.php(231): WC_Cart_Totals->get_item_tax_rates(Object(stdClass))
#15 /Users/thereselinden/Desktop/Medieinstitutet/Systemvetenskap/PHP/eHandelPlattform_kurs/inlamningsuppgift_2/wordpress/wp-content/plugins/woocommerce/includes/class-wc-cart-totals.php(651): WC_Cart_Totals->get_items_from_cart()
#16 /Users/thereselinden/Desktop/Medieinstitutet/Systemvetenskap/PHP/eHandelPlattform_kurs/inlamningsuppgift_2/wordpress/wp-content/plugins/woocommerce/includes/class-wc-cart-totals.php(143): WC_Cart_Totals->calculate_item_totals()
#17 /Users/thereselinden/Desktop/Medieinstitutet/Systemvetenskap/PHP/eHandelPlattform_kurs/inlamningsuppgift_2/wordpress/wp-content/plugins/woocommerce/includes/class-wc-cart-totals.php(134): WC_Cart_Totals->calculate()
#18 /Users/thereselinden/Desktop/Medieinstitutet/Systemvetenskap/PHP/eHandelPlattform_kurs/inlamningsuppgift_2/wordpress/wp-content/plugins/woocommerce/includes/class-wc-cart.php(1401): WC_Cart_Totals->__construct(Object(WC_Cart))
#19 /Users/thereselinden/Desktop/Medieinstitutet/Systemvetenskap/PHP/eHandelPlattform_kurs/inlamningsuppgift_2/wordpress/wp-content/plugins/woocommerce/includes/shortcodes/class-wc-shortcode-cart.php(94): WC_Cart->calculate_totals()
#20 /Users/thereselinden/Desktop/Medieinstitutet/Systemvetenskap/PHP/eHandelPlattform_kurs/inlamningsuppgift_2/wordpress/wp-content/plugins/woocommerce/includes/class-wc-shortcodes.php(72): WC_Shortcode_Cart::output(Array)
#21 /Users/thereselinden/Desktop/Medieinstitutet/Systemvetenskap/PHP/eHandelPlattform_kurs/inlamningsuppgift_2/wordpress/wp-content/plugins/woocommerce/includes/class-wc-shortcodes.php(85): WC_Shortcodes::shortcode_wrapper(Array)
#22 /Users/thereselinden/Desktop/Medieinstitutet/Systemvetenskap/PHP/eHandelPlattform_kurs/inlamningsuppgift_2/wordpress/wp-includes/shortcodes.php(355): WC_Shortcodes::cart('', '', 'woocommerce_car...')
#23 [internal function]: do_shortcode_tag(Array)
#24 /Users/thereselinden/Desktop/Medieinstitutet/Systemvetenskap/PHP/eHandelPlattform_kurs/inlamningsuppgift_2/wordpress/wp-includes/shortcodes.php(227): preg_replace_callback('/\\[(\\[?)(woocom...', 'do_shortcode_ta...', '[woocommerce_ca...')
#25 /Users/thereselinden/Desktop/Medieinstitutet/Systemvetenskap/PHP/eHandelPlattform_kurs/inlamningsuppgift_2/wordpress/wp-includes/class-wp-hook.php(308): do_shortcode('[woocommerce_ca...')
#26 /Users/thereselinden/Desktop/Medieinstitutet/Systemvetenskap/PHP/eHandelPlattform_kurs/inlamningsuppgift_2/wordpress/wp-includes/plugin.php(205): WP_Hook->apply_filters('[woocommerce_ca...', Array)
#27 /Users/thereselinden/Desktop/Medieinstitutet/Systemvetenskap/PHP/eHandelPlattform_kurs/inlamningsuppgift_2/wordpress/wp-includes/post-template.php(255): apply_filters('the_content', '<!-- wp:shortco...')
#28 /Users/thereselinden/Desktop/Medieinstitutet/Systemvetenskap/PHP/eHandelPlattform_kurs/inlamningsuppgift_2/wordpress/wp-content/themes/storefront/inc/storefront-template-functions.php(352): the_content()
#29 /Users/thereselinden/Desktop/Medieinstitutet/Systemvetenskap/PHP/eHandelPlattform_kurs/inlamningsuppgift_2/wordpress/wp-includes/class-wp-hook.php(308): storefront_page_content('')
#30 /Users/thereselinden/Desktop/Medieinstitutet/Systemvetenskap/PHP/eHandelPlattform_kurs/inlamningsuppgift_2/wordpress/wp-includes/class-wp-hook.php(332): WP_Hook->apply_filters(NULL, Array)
#31 /Users/thereselinden/Desktop/Medieinstitutet/Systemvetenskap/PHP/eHandelPlattform_kurs/inlamningsuppgift_2/wordpress/wp-includes/plugin.php(517): WP_Hook->do_action(Array)
#32 /Users/thereselinden/Desktop/Medieinstitutet/Systemvetenskap/PHP/eHandelPlattform_kurs/inlamningsuppgift_2/wordpress/wp-content/themes/storefront/content-page.php(18): do_action('storefront_page')
#33 /Users/thereselinden/Desktop/Medieinstitutet/Systemvetenskap/PHP/eHandelPlattform_kurs/inlamningsuppgift_2/wordpress/wp-includes/template.php(785): require('/Users/theresel...')
#34 /Users/thereselinden/Desktop/Medieinstitutet/Systemvetenskap/PHP/eHandelPlattform_kurs/inlamningsuppgift_2/wordpress/wp-includes/template.php(718): load_template('/Users/theresel...', false, Array)
#35 /Users/thereselinden/Desktop/Medieinstitutet/Systemvetenskap/PHP/eHandelPlattform_kurs/inlamningsuppgift_2/wordpress/wp-includes/general-template.php(204): locate_template(Array, true, false, Array)
#36 /Users/thereselinden/Desktop/Medieinstitutet/Systemvetenskap/PHP/eHandelPlattform_kurs/inlamningsuppgift_2/wordpress/wp-content/themes/storefront/page.php(24): get_template_part('content', 'page')
#37 /Users/thereselinden/Desktop/Medieinstitutet/Systemvetenskap/PHP/eHandelPlattform_kurs/inlamningsuppgift_2/wordpress/wp-includes/template-loader.php(106): include('/Users/theresel...')
#38 /Users/thereselinden/Desktop/Medieinstitutet/Systemvetenskap/PHP/eHandelPlattform_kurs/inlamningsuppgift_2/wordpress/wp-blog-header.php(19): require_once('/Users/theresel...')
#39 /Users/thereselinden/Desktop/Medieinstitutet/Systemvetenskap/PHP/eHandelPlattform_kurs/inlamningsuppgift_2/wordpress/index.php(17): require('/Users/theresel...')
#40 {main}
  thrown in /Users/thereselinden/Desktop/Medieinstitutet/Systemvetenskap/PHP/eHandelPlattform_kurs/inlamningsuppgift_2/wordpress/wp-content/plugins/woocommerce/includes/abstracts/abstract-wc-settings-api.php on line 290

2023-04-19T17:11:22+00:00 CRITICAL Uncaught Error: Call to undefined method WC_TL_Shipping_Method::find_shipping_classes() in /Users/thereselinden/Desktop/Medieinstitutet/Systemvetenskap/PHP/eHandelPlattform_kurs/inlamningsuppgift_2/wordpress/wp-content/plugins/tl-shipping-method/tl-shipping-method.php:210
Stack trace:
#0 /Users/thereselinden/Desktop/Medieinstitutet/Systemvetenskap/PHP/eHandelPlattform_kurs/inlamningsuppgift_2/wordpress/wp-content/plugins/woocommerce/includes/abstracts/abstract-wc-shipping-method.php(233): WC_TL_Shipping_Method->calculate_shipping(Array)
#1 /Users/thereselinden/Desktop/Medieinstitutet/Systemvetenskap/PHP/eHandelPlattform_kurs/inlamningsuppgift_2/wordpress/wp-content/plugins/woocommerce/includes/class-wc-shipping.php(348): WC_Shipping_Method->get_rates_for_package(Array)
#2 /Users/thereselinden/Desktop/Medieinstitutet/Systemvetenskap/PHP/eHandelPlattform_kurs/inlamningsuppgift_2/wordpress/wp-content/plugins/woocommerce/includes/class-wc-shipping.php(260): WC_Shipping->calculate_shipping_for_package(Array, 0)
#3 /Users/thereselinden/Desktop/Medieinstitutet/Systemvetenskap/PHP/eHandelPlattform_kurs/inlamningsuppgift_2/wordpress/wp-content/plugins/woocommerce/includes/class-wc-cart.php(1423): WC_Shipping->calculate_shipping(Array)
#4 /Users/thereselinden/Desktop/Medieinstitutet/Systemvetenskap/PHP/eHandelPlattform_kurs/inlamningsuppgift_2/wordpress/wp-content/plugins/woocommerce/includes/class-wc-cart-totals.php(339): WC_Cart->calculate_shipping()
#5 /Users/thereselinden/Desktop/Medieinstitutet/Systemvetenskap/PHP/eHandelPlattform_kurs/inlamningsuppgift_2/wordpress/wp-content/plugins/woocommerce/includes/class-wc-cart-totals.php(850): WC_Cart_Totals->get_shipping_from_cart()
#6 /Users/thereselinden/Desktop/Medieinstitutet/Systemvetenskap/PHP/eHandelPlattform_kurs/inlamningsuppgift_2/wordpress/wp-content/plugins/woocommerce/includes/class-wc-cart-totals.php(144): WC_Cart_Totals->calculate_shipping_totals()
#7 /Users/thereselinden/Desktop/Medieinstitutet/Systemvetenskap/PHP/eHandelPlattform_kurs/inlamningsuppgift_2/wordpress/wp-content/plugins/woocommerce/includes/class-wc-cart-totals.php(134): WC_Cart_Totals->calculate()
#8 /Users/thereselinden/Desktop/Medieinstitutet/Systemvetenskap/PHP/eHandelPlattform_kurs/inlamningsuppgift_2/wordpress/wp-content/plugins/woocommerce/includes/class-wc-cart.php(1401): WC_Cart_Totals->__construct(Object(WC_Cart))
#9 /Users/thereselinden/Desktop/Medieinstitutet/Systemvetenskap/PHP/eHandelPlattform_kurs/inlamningsuppgift_2/wordpress/wp-content/plugins/woocommerce/includes/class-wc-cart-session.php(212): WC_Cart->calculate_totals()
#10 /Users/thereselinden/Desktop/Medieinstitutet/Systemvetenskap/PHP/eHandelPlattform_kurs/inlamningsuppgift_2/wordpress/wp-includes/class-wp-hook.php(308): WC_Cart_Session->get_cart_from_session('')
#11 /Users/thereselinden/Desktop/Medieinstitutet/Systemvetenskap/PHP/eHandelPlattform_kurs/inlamningsuppgift_2/wordpress/wp-includes/class-wp-hook.php(332): WP_Hook->apply_filters(NULL, Array)
#12 /Users/thereselinden/Desktop/Medieinstitutet/Systemvetenskap/PHP/eHandelPlattform_kurs/inlamningsuppgift_2/wordpress/wp-includes/plugin.php(517): WP_Hook->do_action(Array)
#13 /Users/thereselinden/Desktop/Medieinstitutet/Systemvetenskap/PHP/eHandelPlattform_kurs/inlamningsuppgift_2/wordpress/wp-settings.php(645): do_action('wp_loaded')
#14 /Users/thereselinden/Desktop/Medieinstitutet/Systemvetenskap/PHP/eHandelPlattform_kurs/inlamningsuppgift_2/wordpress/wp-config.php(96): require_once('/Users/theresel...')
#15 /Users/thereselinden/Desktop/Medieinstitutet/Systemvetenskap/PHP/eHandelPlattform_kurs/inlamningsuppgift_2/wordpress/wp-load.php(50): require_once('/Users/theresel...')
#16 /Users/thereselinden/Desktop/Medieinstitutet/Systemvetenskap/PHP/eHandelPlattform_kurs/inlamningsuppgift_2/wordpress/wp-admin/admin-ajax.php(22): require_once('/Users/theresel...')
#17 {main}
  thrown in /Users/thereselinden/Desktop/Medieinstitutet/Systemvetenskap/PHP/eHandelPlattform_kurs/inlamningsuppgift_2/wordpress/wp-content/plugins/tl-shipping-method/tl-shipping-method.php on line 210

